0 info it worked if it ends with ok
1 verbose cli [ '/usr/bin/node', '/usr/bin/npm', 'install', '-g', 'typescript' ]
2 info using npm@1.4.28
3 info using node@v0.10.38
4 verbose node symlink /usr/bin/node
5 verbose cache add [ 'typescript', null ]
6 verbose cache add name=undefined spec="typescript" args=["typescript",null]
7 verbose parsed url { protocol: null,
7 verbose parsed url   slashes: null,
7 verbose parsed url   auth: null,
7 verbose parsed url   host: null,
7 verbose parsed url   port: null,
7 verbose parsed url   hostname: null,
7 verbose parsed url   hash: null,
7 verbose parsed url   search: null,
7 verbose parsed url   query: null,
7 verbose parsed url   pathname: 'typescript',
7 verbose parsed url   path: 'typescript',
7 verbose parsed url   href: 'typescript' }
8 silly lockFile fb9da861-typescript typescript
9 verbose lock typescript /home/eric/.npm/fb9da861-typescript.lock
10 silly lockFile fb9da861-typescript typescript
11 silly lockFile fb9da861-typescript typescript
12 verbose addNamed [ 'typescript', '' ]
13 verbose addNamed [ null, '*' ]
14 silly lockFile b598c0ef-typescript typescript@
15 verbose lock typescript@ /home/eric/.npm/b598c0ef-typescript.lock
16 silly addNameRange { name: 'typescript', range: '*', hasData: false }
17 verbose request where is /typescript
18 verbose request registry https://registry.npmjs.org/
19 verbose request id 4f6058488e22ae06
20 verbose url raw /typescript
21 verbose url resolving [ 'https://registry.npmjs.org/', './typescript' ]
22 verbose url resolved https://registry.npmjs.org/typescript
23 verbose request where is https://registry.npmjs.org/typescript
24 info trying registry request attempt 1 at 21:07:26
25 verbose etag "6C3E8HQ8TG9DOI05V1LDDTXSX"
26 http GET https://registry.npmjs.org/typescript
27 http 304 https://registry.npmjs.org/typescript
28 silly registry.get cb [ 304,
28 silly registry.get   { date: 'Thu, 07 May 2015 04:07:26 GMT',
28 silly registry.get     via: '1.1 varnish',
28 silly registry.get     'last-modified': 'Thu, 07 May 2015 04:07:26 GMT',
28 silly registry.get     'cache-control': 'max-age=60',
28 silly registry.get     etag: '"6C3E8HQ8TG9DOI05V1LDDTXSX"',
28 silly registry.get     age: '0',
28 silly registry.get     connection: 'keep-alive',
28 silly registry.get     'x-served-by': 'cache-lax1431-LAX',
28 silly registry.get     'x-cache': 'HIT',
28 silly registry.get     'x-cache-hits': '1',
28 silly registry.get     'x-timer': 'S1430971646.511899,VS0,VE45',
28 silly registry.get     vary: 'Accept' } ]
29 verbose etag https://registry.npmjs.org/typescript from cache
30 silly addNameRange number 2 { name: 'typescript', range: '*', hasData: true }
31 silly addNameRange versions [ 'typescript',
31 silly addNameRange   [ '0.8.0',
31 silly addNameRange     '0.8.1',
31 silly addNameRange     '0.8.1-1',
31 silly addNameRange     '0.8.2',
31 silly addNameRange     '0.8.3',
31 silly addNameRange     '0.9.0',
31 silly addNameRange     '0.9.0-1',
31 silly addNameRange     '0.9.1',
31 silly addNameRange     '0.9.1-1',
31 silly addNameRange     '0.9.5',
31 silly addNameRange     '0.9.7',
31 silly addNameRange     '1.0.0',
31 silly addNameRange     '1.0.1',
31 silly addNameRange     '1.1.0-1',
31 silly addNameRange     '1.3.0',
31 silly addNameRange     '1.4.1',
31 silly addNameRange     '1.5.0-alpha',
31 silly addNameRange     '1.5.0-beta' ] ]
32 verbose addNamed [ 'typescript', '1.5.0-beta' ]
33 verbose addNamed [ '1.5.0-beta', '1.5.0-beta' ]
34 silly lockFile 07adb830-typescript-1-5-0-beta typescript@1.5.0-beta
35 verbose lock typescript@1.5.0-beta /home/eric/.npm/07adb830-typescript-1-5-0-beta.lock
36 silly lockFile 07adb830-typescript-1-5-0-beta typescript@1.5.0-beta
37 silly lockFile 07adb830-typescript-1-5-0-beta typescript@1.5.0-beta
38 silly lockFile b598c0ef-typescript typescript@
39 silly lockFile b598c0ef-typescript typescript@
40 silly resolved [ { name: 'typescript',
40 silly resolved     author: { name: 'Microsoft Corp.' },
40 silly resolved     homepage: 'http://typescriptlang.org/',
40 silly resolved     version: '1.5.0-beta',
40 silly resolved     licenses: [ [Object] ],
40 silly resolved     description: 'TypeScript is a language for application scale JavaScript development',
40 silly resolved     keywords: [ 'TypeScript', 'Microsoft', 'compiler', 'language', 'javascript' ],
40 silly resolved     bugs: { url: 'https://github.com/Microsoft/TypeScript/issues' },
40 silly resolved     repository:
40 silly resolved      { type: 'git',
40 silly resolved        url: 'https://github.com/Microsoft/TypeScript.git' },
40 silly resolved     preferGlobal: true,
40 silly resolved     main: './bin/typescript.js',
40 silly resolved     bin: { tsc: './bin/tsc', tsserver: './bin/tsserver' },
40 silly resolved     engines: { node: '>=0.8.0' },
40 silly resolved     devDependencies:
40 silly resolved      { jake: 'latest',
40 silly resolved        mocha: 'latest',
40 silly resolved        chai: 'latest',
40 silly resolved        browserify: 'latest',
40 silly resolved        istanbul: 'latest' },
40 silly resolved     scripts: { test: 'jake runtests' },
40 silly resolved     gitHead: 'c233073d02536b33b3848541b538ad762c4729ba',
40 silly resolved     _id: 'typescript@1.5.0-beta',
40 silly resolved     _shasum: '702cfc65692538bd5de273ffd49a86d5fc37598f',
40 silly resolved     _from: 'typescript@',
40 silly resolved     _npmVersion: '1.4.28',
40 silly resolved     _npmUser: { name: 'typescript', email: 'typescript@microsoft.com' },
40 silly resolved     maintainers: [ [Object] ],
40 silly resolved     dist:
40 silly resolved      { shasum: '702cfc65692538bd5de273ffd49a86d5fc37598f',
40 silly resolved        tarball: 'http://registry.npmjs.org/typescript/-/typescript-1.5.0-beta.tgz' },
40 silly resolved     directories: {},
40 silly resolved     _resolved: 'https://registry.npmjs.org/typescript/-/typescript-1.5.0-beta.tgz',
40 silly resolved     readme: 'ERROR: No README data found!' } ]
41 info install typescript@1.5.0-beta into /usr/lib
42 info installOne typescript@1.5.0-beta
43 verbose lib/node_modules/typescript unbuild
44 verbose tar unpack /home/eric/.npm/typescript/1.5.0-beta/package.tgz
45 silly lockFile 087e9b07--usr-lib-node-modules-typescript tar:///usr/lib/node_modules/typescript
46 verbose lock tar:///usr/lib/node_modules/typescript /home/eric/.npm/087e9b07--usr-lib-node-modules-typescript.lock
47 silly lockFile 8b2fb02a-ypescript-1-5-0-beta-package-tgz tar:///home/eric/.npm/typescript/1.5.0-beta/package.tgz
48 verbose lock tar:///home/eric/.npm/typescript/1.5.0-beta/package.tgz /home/eric/.npm/8b2fb02a-ypescript-1-5-0-beta-package-tgz.lock
49 silly gunzTarPerm modes [ '775', '664' ]
50 error Error: EACCES, mkdir '/usr/lib/node_modules/typescript'
50 error  { [Error: EACCES, mkdir '/usr/lib/node_modules/typescript']
50 error   errno: 3,
50 error   code: 'EACCES',
50 error   path: '/usr/lib/node_modules/typescript',
50 error   fstream_type: 'Directory',
50 error   fstream_path: '/usr/lib/node_modules/typescript',
50 error   fstream_class: 'DirWriter',
50 error   fstream_stack:
50 error    [ '/usr/lib/node_modules/npm/node_modules/fstream/lib/dir-writer.js:36:23',
50 error      '/usr/lib/node_modules/npm/node_modules/mkdirp/index.js:46:53',
50 error      'Object.oncomplete (fs.js:108:15)' ] }
51 error Please try running this command again as root/Administrator.
52 error System Linux 3.13.0-52-generic
53 error command "/usr/bin/node" "/usr/bin/npm" "install" "-g" "typescript"
54 error cwd /home/eric/Source/wglmolview
55 error node -v v0.10.38
56 error npm -v 1.4.28
57 error path /usr/lib/node_modules/typescript
58 error fstream_path /usr/lib/node_modules/typescript
59 error fstream_type Directory
60 error fstream_class DirWriter
61 error code EACCES
62 error errno 3
63 error stack Error: EACCES, mkdir '/usr/lib/node_modules/typescript'
64 error fstream_stack /usr/lib/node_modules/npm/node_modules/fstream/lib/dir-writer.js:36:23
64 error fstream_stack /usr/lib/node_modules/npm/node_modules/mkdirp/index.js:46:53
64 error fstream_stack Object.oncomplete (fs.js:108:15)
65 verbose exit [ 3, true ]
